生成启动时间为 2018/11/26 星期一 11:54:24。
     1>项目“D:\软件\vs\代码\FineMine\FineMine\FineMine.vcxproj”在节点 2 上(Build 个目标)。
     1>ClCompile:
         D:\软件\vs\VC\bin\CL.exe /c /ZI /nologo /W3 /WX- /sdl /Od /Oy- /D _MBCS /Gm /EHsc /RTC1 /MDd /GS /fp:precise /Zc:wchar_t /Zc:forScope /Fo"Debug\\" /Fd"Debug\vc120.pdb" /Gd /TC /analyze- /errorReport:prompt game.c
         game.c
     1>d:\软件\vs\代码\finemine\finemine\game.c(93): warning C4047: “函数”:“int”与“char (*)[11]”的间接级别不同
     1>d:\软件\vs\代码\finemine\finemine\game.c(93): warning C4024: “FirstAlive”: 形参和实参 2 的类型不同
     1>d:\软件\vs\代码\finemine\finemine\game.c(93): warning C4047: “函数”:“int *”与“int”的间接级别不同
     1>d:\软件\vs\代码\finemine\finemine\game.c(93): warning C4024: “FirstAlive”: 形参和实参 4 的类型不同
     1>d:\软件\vs\代码\finemine\finemine\game.c(93): warning C4020: “FirstAlive”: 实参太多
     1>d:\软件\vs\代码\finemine\finemine\game.c(118): warning C4028: 形参 2 与声明不同
     1>d:\软件\vs\代码\finemine\finemine\game.c(118): warning C4028: 形参 4 与声明不同
     1>d:\软件\vs\代码\finemine\finemine\game.c(118): warning C4029: 声明的形参表不同于定义
       Link:
         D:\软件\vs\VC\bin\link.exe /ERRORREPORT:PROMPT /OUT:"D:\软件\vs\代码\FineMine\Debug\FineMine.exe" /INCREMENTAL /NOLOGO kernel32.lib user32.lib gdi32.lib winspool.lib comdlg32.lib advapi32.lib shell32.lib ole32.lib oleaut32.lib uuid.lib odbc32.lib odbccp32.lib /MANIFEST /MANIFESTUAC:"level='asInvoker' uiAccess='false'" /manifest:embed /DEBUG /PDB:"D:\软件\vs\代码\FineMine\Debug\FineMine.pdb" /TLBID:1 /DYNAMICBASE /NXCOMPAT /IMPLIB:"D:\软件\vs\代码\FineMine\Debug\FineMine.lib" /MACHINE:X86 Debug\game.obj
         Debug\test.obj
         FineMine.vcxproj -> D:\软件\vs\代码\FineMine\Debug\FineMine.exe
     1>已完成生成项目“D:\软件\vs\代码\FineMine\FineMine\FineMine.vcxproj”(Build 个目标)的操作。

生成成功。

已用时间 00:00:01.24
